{"/Users/brandongomez/repos/digitalNotebook/server/utils.js": {"path":"/Users/brandongomez/repos/digitalNotebook/server/utils.js","statementMap":{"0":{"start":{"line":2,"column":12},"end":{"line":2,"column":14}},"1":{"start":{"line":3,"column":2},"end":{"line":11,"column":3}},"2":{"start":{"line":3,"column":15},"end":{"line":3,"column":16}},"3":{"start":{"line":4,"column":4},"end":{"line":10,"column":5}},"4":{"start":{"line":5,"column":6},"end":{"line":5,"column":25}},"5":{"start":{"line":6,"column":11},"end":{"line":10,"column":5}},"6":{"start":{"line":7,"column":6},"end":{"line":7,"column":28}},"7":{"start":{"line":9,"column":6},"end":{"line":9,"column":27}},"8":{"start":{"line":12,"column":2},"end":{"line":12,"column":13}},"9":{"start":{"line":16,"column":19},"end":{"line":16,"column":29}},"10":{"start":{"line":17,"column":2},"end":{"line":17,"column":57}},"11":{"start":{"line":18,"column":2},"end":{"line":20,"column":19}},"12":{"start":{"line":19,"column":34},"end":{"line":19,"column":71}},"13":{"start":{"line":21,"column":2},"end":{"line":21,"column":18}},"14":{"start":{"line":25,"column":2},"end":{"line":27,"column":3}},"15":{"start":{"line":26,"column":4},"end":{"line":26,"column":14}},"16":{"start":{"line":28,"column":19},"end":{"line":28,"column":21}},"17":{"start":{"line":29,"column":19},"end":{"line":41,"column":3}},"18":{"start":{"line":43,"column":2},"end":{"line":76,"column":3}},"19":{"start":{"line":44,"column":4},"end":{"line":57,"column":5}},"20":{"start":{"line":45,"column":6},"end":{"line":45,"column":39}},"21":{"start":{"line":46,"column":6},"end":{"line":46,"column":43}},"22":{"start":{"line":47,"column":6},"end":{"line":47,"column":43}},"23":{"start":{"line":48,"column":6},"end":{"line":48,"column":49}},"24":{"start":{"line":49,"column":6},"end":{"line":49,"column":33}},"25":{"start":{"line":50,"column":6},"end":{"line":50,"column":34}},"26":{"start":{"line":51,"column":6},"end":{"line":51,"column":35}},"27":{"start":{"line":52,"column":6},"end":{"line":52,"column":50}},"28":{"start":{"line":53,"column":6},"end":{"line":53,"column":49}},"29":{"start":{"line":54,"column":6},"end":{"line":54,"column":59}},"30":{"start":{"line":55,"column":6},"end":{"line":55,"column":51}},"31":{"start":{"line":56,"column":6},"end":{"line":56,"column":49}},"32":{"start":{"line":58,"column":4},"end":{"line":60,"column":5}},"33":{"start":{"line":59,"column":6},"end":{"line":59,"column":55}},"34":{"start":{"line":61,"column":4},"end":{"line":67,"column":5}},"35":{"start":{"line":66,"column":6},"end":{"line":66,"column":78}},"36":{"start":{"line":69,"column":4},"end":{"line":71,"column":5}},"37":{"start":{"line":70,"column":6},"end":{"line":70,"column":61}},"38":{"start":{"line":73,"column":4},"end":{"line":75,"column":5}},"39":{"start":{"line":74,"column":6},"end":{"line":74,"column":39}},"40":{"start":{"line":77,"column":2},"end":{"line":80,"column":5}},"41":{"start":{"line":78,"column":4},"end":{"line":78,"column":35}},"42":{"start":{"line":79,"column":4},"end":{"line":79,"column":22}},"43":{"start":{"line":83,"column":33},"end":{"line":94,"column":1}},"44":{"start":{"line":96,"column":30},"end":{"line":103,"column":1}},"45":{"start":{"line":106,"column":2},"end":{"line":114,"column":3}},"46":{"start":{"line":107,"column":4},"end":{"line":113,"column":6}},"47":{"start":{"line":115,"column":23},"end":{"line":115,"column":25}},"48":{"start":{"line":116,"column":2},"end":{"line":122,"column":3}},"49":{"start":{"line":117,"column":4},"end":{"line":121,"column":5}},"50":{"start":{"line":118,"column":6},"end":{"line":118,"column":45}},"51":{"start":{"line":120,"column":6},"end":{"line":120,"column":46}},"52":{"start":{"line":124,"column":2},"end":{"line":130,"column":5}},"53":{"start":{"line":125,"column":4},"end":{"line":129,"column":6}},"54":{"start":{"line":134,"column":2},"end":{"line":142,"column":3}},"55":{"start":{"line":135,"column":4},"end":{"line":141,"column":6}},"56":{"start":{"line":143,"column":20},"end":{"line":143,"column":58}},"57":{"start":{"line":144,"column":2},"end":{"line":160,"column":3}},"58":{"start":{"line":145,"column":4},"end":{"line":159,"column":5}},"59":{"start":{"line":146,"column":6},"end":{"line":158,"column":7}},"60":{"start":{"line":147,"column":8},"end":{"line":147,"column":30}},"61":{"start":{"line":148,"column":13},"end":{"line":158,"column":7}},"62":{"start":{"line":149,"column":8},"end":{"line":149,"column":30}},"63":{"start":{"line":150,"column":13},"end":{"line":158,"column":7}},"64":{"start":{"line":151,"column":8},"end":{"line":151,"column":30}},"65":{"start":{"line":152,"column":13},"end":{"line":158,"column":7}},"66":{"start":{"line":153,"column":8},"end":{"line":153,"column":30}},"67":{"start":{"line":154,"column":13},"end":{"line":158,"column":7}},"68":{"start":{"line":155,"column":8},"end":{"line":155,"column":30}},"69":{"start":{"line":157,"column":8},"end":{"line":157,"column":30}},"70":{"start":{"line":162,"column":2},"end":{"line":168,"column":5}},"71":{"start":{"line":163,"column":4},"end":{"line":167,"column":6}},"72":{"start":{"line":171,"column":0},"end":{"line":179,"column":2}}},"fnMap":{"0":{"name":"parseParticipantArr","decl":{"start":{"line":1,"column":9},"end":{"line":1,"column":28}},"loc":{"start":{"line":1,"column":34},"end":{"line":13,"column":1}},"line":1},"1":{"name":"formatData","decl":{"start":{"line":15,"column":9},"end":{"line":15,"column":19}},"loc":{"start":{"line":15,"column":25},"end":{"line":22,"column":1}},"line":15},"2":{"name":"(anonymous_2)","decl":{"start":{"line":19,"column":9},"end":{"line":19,"column":10}},"loc":{"start":{"line":19,"column":34},"end":{"line":19,"column":71}},"line":19},"3":{"name":"parseMatchData","decl":{"start":{"line":24,"column":9},"end":{"line":24,"column":23}},"loc":{"start":{"line":24,"column":34},"end":{"line":81,"column":1}},"line":24},"4":{"name":"(anonymous_4)","decl":{"start":{"line":77,"column":24},"end":{"line":77,"column":25}},"loc":{"start":{"line":77,"column":35},"end":{"line":80,"column":3}},"line":77},"5":{"name":"getPieChartDataPromotion","decl":{"start":{"line":105,"column":9},"end":{"line":105,"column":33}},"loc":{"start":{"line":105,"column":40},"end":{"line":131,"column":1}},"line":105},"6":{"name":"(anonymous_6)","decl":{"start":{"line":124,"column":41},"end":{"line":124,"column":42}},"loc":{"start":{"line":124,"column":60},"end":{"line":130,"column":3}},"line":124},"7":{"name":"getPieChartDataRatings","decl":{"start":{"line":133,"column":9},"end":{"line":133,"column":31}},"loc":{"start":{"line":133,"column":50},"end":{"line":169,"column":1}},"line":133},"8":{"name":"(anonymous_8)","decl":{"start":{"line":162,"column":38},"end":{"line":162,"column":39}},"loc":{"start":{"line":162,"column":50},"end":{"line":168,"column":3}},"line":162}},"branchMap":{"0":{"loc":{"start":{"line":4,"column":4},"end":{"line":10,"column":5}},"type":"if","locations":[{"start":{"line":4,"column":4},"end":{"line":10,"column":5}},{"start":{"line":6,"column":11},"end":{"line":10,"column":5}}],"line":4},"1":{"loc":{"start":{"line":6,"column":11},"end":{"line":10,"column":5}},"type":"if","locations":[{"start":{"line":6,"column":11},"end":{"line":10,"column":5}},{"start":{"line":8,"column":11},"end":{"line":10,"column":5}}],"line":6},"2":{"loc":{"start":{"line":25,"column":2},"end":{"line":27,"column":3}},"type":"if","locations":[{"start":{"line":25,"column":2},"end":{"line":27,"column":3}},{"start":{},"end":{}}],"line":25},"3":{"loc":{"start":{"line":44,"column":4},"end":{"line":57,"column":5}},"type":"if","locations":[{"start":{"line":44,"column":4},"end":{"line":57,"column":5}},{"start":{},"end":{}}],"line":44},"4":{"loc":{"start":{"line":58,"column":4},"end":{"line":60,"column":5}},"type":"if","locations":[{"start":{"line":58,"column":4},"end":{"line":60,"column":5}},{"start":{},"end":{}}],"line":58},"5":{"loc":{"start":{"line":61,"column":4},"end":{"line":67,"column":5}},"type":"if","locations":[{"start":{"line":61,"column":4},"end":{"line":67,"column":5}},{"start":{},"end":{}}],"line":61},"6":{"loc":{"start":{"line":69,"column":4},"end":{"line":71,"column":5}},"type":"if","locations":[{"start":{"line":69,"column":4},"end":{"line":71,"column":5}},{"start":{},"end":{}}],"line":69},"7":{"loc":{"start":{"line":73,"column":4},"end":{"line":75,"column":5}},"type":"if","locations":[{"start":{"line":73,"column":4},"end":{"line":75,"column":5}},{"start":{},"end":{}}],"line":73},"8":{"loc":{"start":{"line":106,"column":2},"end":{"line":114,"column":3}},"type":"if","locations":[{"start":{"line":106,"column":2},"end":{"line":114,"column":3}},{"start":{},"end":{}}],"line":106},"9":{"loc":{"start":{"line":117,"column":4},"end":{"line":121,"column":5}},"type":"if","locations":[{"start":{"line":117,"column":4},"end":{"line":121,"column":5}},{"start":{"line":119,"column":11},"end":{"line":121,"column":5}}],"line":117},"10":{"loc":{"start":{"line":134,"column":2},"end":{"line":142,"column":3}},"type":"if","locations":[{"start":{"line":134,"column":2},"end":{"line":142,"column":3}},{"start":{},"end":{}}],"line":134},"11":{"loc":{"start":{"line":145,"column":4},"end":{"line":159,"column":5}},"type":"if","locations":[{"start":{"line":145,"column":4},"end":{"line":159,"column":5}},{"start":{},"end":{}}],"line":145},"12":{"loc":{"start":{"line":146,"column":6},"end":{"line":158,"column":7}},"type":"if","locations":[{"start":{"line":146,"column":6},"end":{"line":158,"column":7}},{"start":{"line":148,"column":13},"end":{"line":158,"column":7}}],"line":146},"13":{"loc":{"start":{"line":148,"column":13},"end":{"line":158,"column":7}},"type":"if","locations":[{"start":{"line":148,"column":13},"end":{"line":158,"column":7}},{"start":{"line":150,"column":13},"end":{"line":158,"column":7}}],"line":148},"14":{"loc":{"start":{"line":150,"column":13},"end":{"line":158,"column":7}},"type":"if","locations":[{"start":{"line":150,"column":13},"end":{"line":158,"column":7}},{"start":{"line":152,"column":13},"end":{"line":158,"column":7}}],"line":150},"15":{"loc":{"start":{"line":152,"column":13},"end":{"line":158,"column":7}},"type":"if","locations":[{"start":{"line":152,"column":13},"end":{"line":158,"column":7}},{"start":{"line":154,"column":13},"end":{"line":158,"column":7}}],"line":152},"16":{"loc":{"start":{"line":154,"column":13},"end":{"line":158,"column":7}},"type":"if","locations":[{"start":{"line":154,"column":13},"end":{"line":158,"column":7}},{"start":{"line":156,"column":13},"end":{"line":158,"column":7}}],"line":154}},"s":{"0":3,"1":3,"2":3,"3":9,"4":3,"5":6,"6":3,"7":3,"8":3,"9":1,"10":1,"11":1,"12":2,"13":1,"14":0,"15":0,"16":0,"17":0,"18":0,"19":0,"20":0,"21":0,"22":0,"23":0,"24":0,"25":0,"26":0,"27":0,"28":0,"29":0,"30":0,"31":0,"32":0,"33":0,"34":0,"35":0,"36":0,"37":0,"38":0,"39":0,"40":0,"41":0,"42":0,"43":1,"44":1,"45":0,"46":0,"47":0,"48":0,"49":0,"50":0,"51":0,"52":0,"53":0,"54":0,"55":0,"56":0,"57":0,"58":0,"59":0,"60":0,"61":0,"62":0,"63":0,"64":0,"65":0,"66":0,"67":0,"68":0,"69":0,"70":0,"71":0,"72":1},"f":{"0":3,"1":1,"2":2,"3":0,"4":0,"5":0,"6":0,"7":0,"8":0},"b":{"0":[3,6],"1":[3,3],"2":[0,0],"3":[0,0],"4":[0,0],"5":[0,0],"6":[0,0],"7":[0,0],"8":[0,0],"9":[0,0],"10":[0,0],"11":[0,0],"12":[0,0],"13":[0,0],"14":[0,0],"15":[0,0],"16":[0,0]},"_coverageSchema":"1a1c01bbd47fc00a2c39e90264f33305004495a9","hash":"c443330d85ed95528f0e90e7eacf4a029612557e"}
}
