{"/Users/brandongomez/repos/digitalNotebook/server/utils.js": {"path":"/Users/brandongomez/repos/digitalNotebook/server/utils.js","statementMap":{"0":{"start":{"line":2,"column":12},"end":{"line":2,"column":14}},"1":{"start":{"line":3,"column":2},"end":{"line":11,"column":3}},"2":{"start":{"line":3,"column":15},"end":{"line":3,"column":16}},"3":{"start":{"line":4,"column":4},"end":{"line":10,"column":5}},"4":{"start":{"line":5,"column":6},"end":{"line":5,"column":25}},"5":{"start":{"line":6,"column":11},"end":{"line":10,"column":5}},"6":{"start":{"line":7,"column":6},"end":{"line":7,"column":28}},"7":{"start":{"line":9,"column":6},"end":{"line":9,"column":27}},"8":{"start":{"line":12,"column":2},"end":{"line":12,"column":13}},"9":{"start":{"line":16,"column":19},"end":{"line":16,"column":29}},"10":{"start":{"line":17,"column":2},"end":{"line":17,"column":57}},"11":{"start":{"line":18,"column":2},"end":{"line":20,"column":19}},"12":{"start":{"line":19,"column":34},"end":{"line":19,"column":71}},"13":{"start":{"line":21,"column":2},"end":{"line":21,"column":18}},"14":{"start":{"line":25,"column":2},"end":{"line":27,"column":3}},"15":{"start":{"line":26,"column":4},"end":{"line":26,"column":14}},"16":{"start":{"line":28,"column":19},"end":{"line":28,"column":21}},"17":{"start":{"line":29,"column":19},"end":{"line":41,"column":3}},"18":{"start":{"line":43,"column":2},"end":{"line":76,"column":3}},"19":{"start":{"line":44,"column":4},"end":{"line":57,"column":5}},"20":{"start":{"line":45,"column":6},"end":{"line":45,"column":39}},"21":{"start":{"line":46,"column":6},"end":{"line":46,"column":43}},"22":{"start":{"line":47,"column":6},"end":{"line":47,"column":43}},"23":{"start":{"line":48,"column":6},"end":{"line":48,"column":49}},"24":{"start":{"line":49,"column":6},"end":{"line":49,"column":33}},"25":{"start":{"line":50,"column":6},"end":{"line":50,"column":34}},"26":{"start":{"line":51,"column":6},"end":{"line":51,"column":35}},"27":{"start":{"line":52,"column":6},"end":{"line":52,"column":50}},"28":{"start":{"line":53,"column":6},"end":{"line":53,"column":49}},"29":{"start":{"line":54,"column":6},"end":{"line":54,"column":59}},"30":{"start":{"line":55,"column":6},"end":{"line":55,"column":51}},"31":{"start":{"line":56,"column":6},"end":{"line":56,"column":49}},"32":{"start":{"line":58,"column":4},"end":{"line":60,"column":5}},"33":{"start":{"line":59,"column":6},"end":{"line":59,"column":55}},"34":{"start":{"line":61,"column":4},"end":{"line":67,"column":5}},"35":{"start":{"line":66,"column":6},"end":{"line":66,"column":78}},"36":{"start":{"line":69,"column":4},"end":{"line":71,"column":5}},"37":{"start":{"line":70,"column":6},"end":{"line":70,"column":61}},"38":{"start":{"line":73,"column":4},"end":{"line":75,"column":5}},"39":{"start":{"line":74,"column":6},"end":{"line":74,"column":39}},"40":{"start":{"line":78,"column":2},"end":{"line":78,"column":54}},"41":{"start":{"line":78,"column":35},"end":{"line":78,"column":52}},"42":{"start":{"line":81,"column":33},"end":{"line":92,"column":1}},"43":{"start":{"line":94,"column":30},"end":{"line":101,"column":1}},"44":{"start":{"line":104,"column":2},"end":{"line":112,"column":3}},"45":{"start":{"line":105,"column":4},"end":{"line":111,"column":6}},"46":{"start":{"line":113,"column":23},"end":{"line":113,"column":25}},"47":{"start":{"line":114,"column":2},"end":{"line":120,"column":3}},"48":{"start":{"line":115,"column":4},"end":{"line":119,"column":5}},"49":{"start":{"line":116,"column":6},"end":{"line":116,"column":45}},"50":{"start":{"line":118,"column":6},"end":{"line":118,"column":46}},"51":{"start":{"line":122,"column":2},"end":{"line":128,"column":5}},"52":{"start":{"line":123,"column":4},"end":{"line":127,"column":6}},"53":{"start":{"line":132,"column":2},"end":{"line":140,"column":3}},"54":{"start":{"line":133,"column":4},"end":{"line":139,"column":6}},"55":{"start":{"line":141,"column":20},"end":{"line":141,"column":58}},"56":{"start":{"line":142,"column":2},"end":{"line":158,"column":3}},"57":{"start":{"line":143,"column":4},"end":{"line":157,"column":5}},"58":{"start":{"line":144,"column":6},"end":{"line":156,"column":7}},"59":{"start":{"line":145,"column":8},"end":{"line":145,"column":30}},"60":{"start":{"line":146,"column":13},"end":{"line":156,"column":7}},"61":{"start":{"line":147,"column":8},"end":{"line":147,"column":30}},"62":{"start":{"line":148,"column":13},"end":{"line":156,"column":7}},"63":{"start":{"line":149,"column":8},"end":{"line":149,"column":30}},"64":{"start":{"line":150,"column":13},"end":{"line":156,"column":7}},"65":{"start":{"line":151,"column":8},"end":{"line":151,"column":30}},"66":{"start":{"line":152,"column":13},"end":{"line":156,"column":7}},"67":{"start":{"line":153,"column":8},"end":{"line":153,"column":30}},"68":{"start":{"line":155,"column":8},"end":{"line":155,"column":30}},"69":{"start":{"line":160,"column":2},"end":{"line":166,"column":5}},"70":{"start":{"line":161,"column":4},"end":{"line":165,"column":6}},"71":{"start":{"line":169,"column":0},"end":{"line":177,"column":2}}},"fnMap":{"0":{"name":"parseParticipantArr","decl":{"start":{"line":1,"column":9},"end":{"line":1,"column":28}},"loc":{"start":{"line":1,"column":34},"end":{"line":13,"column":1}},"line":1},"1":{"name":"formatData","decl":{"start":{"line":15,"column":9},"end":{"line":15,"column":19}},"loc":{"start":{"line":15,"column":25},"end":{"line":22,"column":1}},"line":15},"2":{"name":"(anonymous_2)","decl":{"start":{"line":19,"column":9},"end":{"line":19,"column":10}},"loc":{"start":{"line":19,"column":34},"end":{"line":19,"column":71}},"line":19},"3":{"name":"parseMatchData","decl":{"start":{"line":24,"column":9},"end":{"line":24,"column":23}},"loc":{"start":{"line":24,"column":34},"end":{"line":79,"column":1}},"line":24},"4":{"name":"(anonymous_4)","decl":{"start":{"line":78,"column":24},"end":{"line":78,"column":25}},"loc":{"start":{"line":78,"column":35},"end":{"line":78,"column":52}},"line":78},"5":{"name":"getPieChartDataPromotion","decl":{"start":{"line":103,"column":9},"end":{"line":103,"column":33}},"loc":{"start":{"line":103,"column":40},"end":{"line":129,"column":1}},"line":103},"6":{"name":"(anonymous_6)","decl":{"start":{"line":122,"column":41},"end":{"line":122,"column":42}},"loc":{"start":{"line":122,"column":60},"end":{"line":128,"column":3}},"line":122},"7":{"name":"getPieChartDataRatings","decl":{"start":{"line":131,"column":9},"end":{"line":131,"column":31}},"loc":{"start":{"line":131,"column":50},"end":{"line":167,"column":1}},"line":131},"8":{"name":"(anonymous_8)","decl":{"start":{"line":160,"column":38},"end":{"line":160,"column":39}},"loc":{"start":{"line":160,"column":50},"end":{"line":166,"column":3}},"line":160}},"branchMap":{"0":{"loc":{"start":{"line":4,"column":4},"end":{"line":10,"column":5}},"type":"if","locations":[{"start":{"line":4,"column":4},"end":{"line":10,"column":5}},{"start":{"line":6,"column":11},"end":{"line":10,"column":5}}],"line":4},"1":{"loc":{"start":{"line":6,"column":11},"end":{"line":10,"column":5}},"type":"if","locations":[{"start":{"line":6,"column":11},"end":{"line":10,"column":5}},{"start":{"line":8,"column":11},"end":{"line":10,"column":5}}],"line":6},"2":{"loc":{"start":{"line":25,"column":2},"end":{"line":27,"column":3}},"type":"if","locations":[{"start":{"line":25,"column":2},"end":{"line":27,"column":3}},{"start":{},"end":{}}],"line":25},"3":{"loc":{"start":{"line":44,"column":4},"end":{"line":57,"column":5}},"type":"if","locations":[{"start":{"line":44,"column":4},"end":{"line":57,"column":5}},{"start":{},"end":{}}],"line":44},"4":{"loc":{"start":{"line":58,"column":4},"end":{"line":60,"column":5}},"type":"if","locations":[{"start":{"line":58,"column":4},"end":{"line":60,"column":5}},{"start":{},"end":{}}],"line":58},"5":{"loc":{"start":{"line":61,"column":4},"end":{"line":67,"column":5}},"type":"if","locations":[{"start":{"line":61,"column":4},"end":{"line":67,"column":5}},{"start":{},"end":{}}],"line":61},"6":{"loc":{"start":{"line":69,"column":4},"end":{"line":71,"column":5}},"type":"if","locations":[{"start":{"line":69,"column":4},"end":{"line":71,"column":5}},{"start":{},"end":{}}],"line":69},"7":{"loc":{"start":{"line":73,"column":4},"end":{"line":75,"column":5}},"type":"if","locations":[{"start":{"line":73,"column":4},"end":{"line":75,"column":5}},{"start":{},"end":{}}],"line":73},"8":{"loc":{"start":{"line":104,"column":2},"end":{"line":112,"column":3}},"type":"if","locations":[{"start":{"line":104,"column":2},"end":{"line":112,"column":3}},{"start":{},"end":{}}],"line":104},"9":{"loc":{"start":{"line":115,"column":4},"end":{"line":119,"column":5}},"type":"if","locations":[{"start":{"line":115,"column":4},"end":{"line":119,"column":5}},{"start":{"line":117,"column":11},"end":{"line":119,"column":5}}],"line":115},"10":{"loc":{"start":{"line":132,"column":2},"end":{"line":140,"column":3}},"type":"if","locations":[{"start":{"line":132,"column":2},"end":{"line":140,"column":3}},{"start":{},"end":{}}],"line":132},"11":{"loc":{"start":{"line":143,"column":4},"end":{"line":157,"column":5}},"type":"if","locations":[{"start":{"line":143,"column":4},"end":{"line":157,"column":5}},{"start":{},"end":{}}],"line":143},"12":{"loc":{"start":{"line":144,"column":6},"end":{"line":156,"column":7}},"type":"if","locations":[{"start":{"line":144,"column":6},"end":{"line":156,"column":7}},{"start":{"line":146,"column":13},"end":{"line":156,"column":7}}],"line":144},"13":{"loc":{"start":{"line":146,"column":13},"end":{"line":156,"column":7}},"type":"if","locations":[{"start":{"line":146,"column":13},"end":{"line":156,"column":7}},{"start":{"line":148,"column":13},"end":{"line":156,"column":7}}],"line":146},"14":{"loc":{"start":{"line":148,"column":13},"end":{"line":156,"column":7}},"type":"if","locations":[{"start":{"line":148,"column":13},"end":{"line":156,"column":7}},{"start":{"line":150,"column":13},"end":{"line":156,"column":7}}],"line":148},"15":{"loc":{"start":{"line":150,"column":13},"end":{"line":156,"column":7}},"type":"if","locations":[{"start":{"line":150,"column":13},"end":{"line":156,"column":7}},{"start":{"line":152,"column":13},"end":{"line":156,"column":7}}],"line":150},"16":{"loc":{"start":{"line":152,"column":13},"end":{"line":156,"column":7}},"type":"if","locations":[{"start":{"line":152,"column":13},"end":{"line":156,"column":7}},{"start":{"line":154,"column":13},"end":{"line":156,"column":7}}],"line":152}},"s":{"0":1,"1":1,"2":1,"3":3,"4":1,"5":2,"6":1,"7":1,"8":1,"9":0,"10":0,"11":0,"12":0,"13":0,"14":0,"15":0,"16":0,"17":0,"18":0,"19":0,"20":0,"21":0,"22":0,"23":0,"24":0,"25":0,"26":0,"27":0,"28":0,"29":0,"30":0,"31":0,"32":0,"33":0,"34":0,"35":0,"36":0,"37":0,"38":0,"39":0,"40":0,"41":0,"42":1,"43":1,"44":0,"45":0,"46":0,"47":0,"48":0,"49":0,"50":0,"51":0,"52":0,"53":0,"54":0,"55":0,"56":0,"57":0,"58":0,"59":0,"60":0,"61":0,"62":0,"63":0,"64":0,"65":0,"66":0,"67":0,"68":0,"69":0,"70":0,"71":1},"f":{"0":1,"1":0,"2":0,"3":0,"4":0,"5":0,"6":0,"7":0,"8":0},"b":{"0":[1,2],"1":[1,1],"2":[0,0],"3":[0,0],"4":[0,0],"5":[0,0],"6":[0,0],"7":[0,0],"8":[0,0],"9":[0,0],"10":[0,0],"11":[0,0],"12":[0,0],"13":[0,0],"14":[0,0],"15":[0,0],"16":[0,0]},"_coverageSchema":"1a1c01bbd47fc00a2c39e90264f33305004495a9","hash":"84e223b6c8450ff44b829390f30ff4d8bab814a7"}
}
