TN:
SF:utils.js
FN:1,parseParticipantArr
FN:15,formatData
FN:19,(anonymous_2)
FN:24,parseMatchData
FN:77,(anonymous_4)
FN:102,getPieChartDataPromotion
FN:121,(anonymous_6)
FN:130,getPieChartDataRatings
FN:159,(anonymous_8)
FNF:9
FNH:7
FNDA:7,parseParticipantArr
FNDA:3,formatData
FNDA:6,(anonymous_2)
FNDA:2,parseMatchData
FNDA:2,(anonymous_4)
FNDA:2,getPieChartDataPromotion
FNDA:3,(anonymous_6)
FNDA:0,getPieChartDataRatings
FNDA:0,(anonymous_8)
DA:2,7
DA:3,7
DA:4,17
DA:5,7
DA:6,10
DA:7,5
DA:9,5
DA:12,7
DA:16,3
DA:17,3
DA:18,3
DA:19,6
DA:21,3
DA:25,2
DA:26,1
DA:28,1
DA:29,1
DA:43,1
DA:44,8
DA:45,1
DA:46,1
DA:47,1
DA:48,1
DA:49,1
DA:50,1
DA:51,1
DA:52,1
DA:53,1
DA:54,1
DA:55,1
DA:56,1
DA:58,8
DA:59,4
DA:61,8
DA:66,8
DA:69,8
DA:70,2
DA:73,8
DA:74,1
DA:77,2
DA:80,1
DA:93,1
DA:103,2
DA:104,1
DA:112,1
DA:113,1
DA:114,4
DA:115,3
DA:117,1
DA:121,1
DA:122,3
DA:131,0
DA:132,0
DA:140,0
DA:141,0
DA:142,0
DA:143,0
DA:144,0
DA:145,0
DA:146,0
DA:147,0
DA:148,0
DA:149,0
DA:150,0
DA:151,0
DA:152,0
DA:154,0
DA:159,0
DA:160,0
DA:168,1
LF:70
LH:52
BRDA:4,0,0,7
BRDA:4,0,1,10
BRDA:6,1,0,5
BRDA:6,1,1,5
BRDA:25,2,0,1
BRDA:25,2,1,1
BRDA:44,3,0,1
BRDA:44,3,1,7
BRDA:58,4,0,4
BRDA:58,4,1,4
BRDA:61,5,0,8
BRDA:61,5,1,0
BRDA:69,6,0,2
BRDA:69,6,1,6
BRDA:73,7,0,1
BRDA:73,7,1,7
BRDA:103,8,0,1
BRDA:103,8,1,1
BRDA:114,9,0,3
BRDA:114,9,1,1
BRDA:131,10,0,0
BRDA:131,10,1,0
BRDA:142,11,0,0
BRDA:142,11,1,0
BRDA:143,12,0,0
BRDA:143,12,1,0
BRDA:145,13,0,0
BRDA:145,13,1,0
BRDA:147,14,0,0
BRDA:147,14,1,0
BRDA:149,15,0,0
BRDA:149,15,1,0
BRDA:151,16,0,0
BRDA:151,16,1,0
BRF:34
BRH:19
end_of_record
