TN:
SF:utils.js
FN:1,parseParticipantArr
FN:15,formatData
FN:19,(anonymous_2)
FN:24,parseMatchData
FN:78,(anonymous_4)
FN:103,getPieChartDataPromotion
FN:122,(anonymous_6)
FN:131,getPieChartDataRatings
FN:160,(anonymous_8)
FNF:9
FNH:1
FNDA:1,parseParticipantArr
FNDA:0,formatData
FNDA:0,(anonymous_2)
FNDA:0,parseMatchData
FNDA:0,(anonymous_4)
FNDA:0,getPieChartDataPromotion
FNDA:0,(anonymous_6)
FNDA:0,getPieChartDataRatings
FNDA:0,(anonymous_8)
DA:2,1
DA:3,1
DA:4,3
DA:5,1
DA:6,2
DA:7,1
DA:9,1
DA:12,1
DA:16,0
DA:17,0
DA:18,0
DA:19,0
DA:21,0
DA:25,0
DA:26,0
DA:28,0
DA:29,0
DA:43,0
DA:44,0
DA:45,0
DA:46,0
DA:47,0
DA:48,0
DA:49,0
DA:50,0
DA:51,0
DA:52,0
DA:53,0
DA:54,0
DA:55,0
DA:56,0
DA:58,0
DA:59,0
DA:61,0
DA:66,0
DA:69,0
DA:70,0
DA:73,0
DA:74,0
DA:78,0
DA:81,1
DA:94,1
DA:104,0
DA:105,0
DA:113,0
DA:114,0
DA:115,0
DA:116,0
DA:118,0
DA:122,0
DA:123,0
DA:132,0
DA:133,0
DA:141,0
DA:142,0
DA:143,0
DA:144,0
DA:145,0
DA:146,0
DA:147,0
DA:148,0
DA:149,0
DA:150,0
DA:151,0
DA:152,0
DA:153,0
DA:155,0
DA:160,0
DA:161,0
DA:169,1
LF:70
LH:11
BRDA:4,0,0,1
BRDA:4,0,1,2
BRDA:6,1,0,1
BRDA:6,1,1,1
BRDA:25,2,0,0
BRDA:25,2,1,0
BRDA:44,3,0,0
BRDA:44,3,1,0
BRDA:58,4,0,0
BRDA:58,4,1,0
BRDA:61,5,0,0
BRDA:61,5,1,0
BRDA:69,6,0,0
BRDA:69,6,1,0
BRDA:73,7,0,0
BRDA:73,7,1,0
BRDA:104,8,0,0
BRDA:104,8,1,0
BRDA:115,9,0,0
BRDA:115,9,1,0
BRDA:132,10,0,0
BRDA:132,10,1,0
BRDA:143,11,0,0
BRDA:143,11,1,0
BRDA:144,12,0,0
BRDA:144,12,1,0
BRDA:146,13,0,0
BRDA:146,13,1,0
BRDA:148,14,0,0
BRDA:148,14,1,0
BRDA:150,15,0,0
BRDA:150,15,1,0
BRDA:152,16,0,0
BRDA:152,16,1,0
BRF:34
BRH:4
end_of_record
